[
  {
    "line": 1,
    "elements": [
      {
        "start_timestamp": "2022-08-12T04:25:13.089Z",
        "before": [
          {
            "result": {
              "duration": 60000000,
              "status": "passed"
            },
            "match": {
              "location": "cucumber.steps.JobsDetailsSteps.setupLoginSteps()"
            }
          }
        ],
        "line": 3,
        "name": "User can set alarm to 05.30AM",
        "description": "",
        "id": "alarm;user-can-set-alarm-to-05.30am",
        "type": "scenario",
        "keyword": "Scenario",
        "steps": [
          {
            "result": {
              "duration": 3737000000,
              "status": "passed"
            },
            "line": 4,
            "name": "User click the alarm icon on the navbar",
            "match": {
              "location": "cucumber.steps.JobsDetailsSteps.User_click_the_alarm_icon_on_the_navbar()"
            },
            "keyword": "Given "
          },
          {
            "result": {
              "duration": 294000000,
              "status": "passed"
            },
            "line": 5,
            "name": "Click button add alarm",
            "match": {
              "location": "cucumber.steps.JobsDetailsSteps.Click_button_add_alarm()"
            },
            "keyword": "And "
          },
          {
            "result": {
              "error_message": "org.openqa.selenium.TimeoutException: Expected condition failed: waiting for visibility of element located by By.xpath: //android.widget.TextView[@content-desc\u003d\"5 o\u0027clock\"] (tried for 5 second(s) with 500 milliseconds interval)\r\n\tat org.openqa.selenium.support.ui.WebDriverWait.timeoutException(WebDriverWait.java:95)\r\n\tat org.openqa.selenium.support.ui.FluentWait.until(FluentWait.java:272)\r\n\tat screens.BaseScreen.waitAndClick(BaseScreen.java:21)\r\n\tat screens.setAlarm.SelectFive(setAlarm.java:47)\r\n\tat cucumber.steps.JobsDetailsSteps.User_choose_5_when_select_time(JobsDetailsSteps.java:38)\r\n\tat âœ½.User choose 5 when select time(file:///C:/IdeaProjects/Parallel_Mobile_Integrate_Pipeline_Jenkins/src/test/java/cucumber/features/Clock.feature:6)\r\nCaused by: org.openqa.selenium.NoSuchElementException: An element could not be located on the page using the given search parameters.\nFor documentation on this error, please visit: https://www.seleniumhq.org/exceptions/no_such_element.html\nBuild info: version: \u00273.141.59\u0027, revision: \u0027e82be7d358\u0027, time: \u00272018-11-14T08:17:03\u0027\nSystem info: host: \u0027DESKTOP-T3FFUFN\u0027, ip: \u0027192.168.197.77\u0027, os.name: \u0027Windows 10\u0027, os.arch: \u0027amd64\u0027, os.version: \u002710.0\u0027, java.version: \u00271.8.0_311\u0027\nDriver info: io.appium.java_client.android.AndroidDriver\nCapabilities {appActivity: com.android.deskclock.DeskC..., appPackage: com.google.android.deskclock, databaseEnabled: false, desired: {appActivity: com.android.deskclock.DeskC..., appPackage: com.google.android.deskclock, noReset: false, platformName: android, platformVersion: 11, skipUnlock: true, udid: RR8R20CTGBP}, deviceApiLevel: 31, deviceManufacturer: samsung, deviceModel: SM-A217F, deviceName: RR8R20CTGBP, deviceScreenDensity: 280, deviceScreenSize: 720x1600, deviceUDID: RR8R20CTGBP, javascriptEnabled: true, locationContextEnabled: false, networkConnectionEnabled: true, noReset: false, pixelRatio: 1.75, platform: LINUX, platformName: Android, platformVersion: 12, skipUnlock: true, statBarHeight: 68, takesScreenshot: true, udid: RR8R20CTGBP, viewportRect: {height: 1380, left: 0, top: 68, width: 720}, warnings: {}, webStorageEnabled: false}\nSession ID: cedc0bfa-2cee-4907-863a-3512070c56bf\n*** Element info: {Using\u003dxpath, value\u003d//android.widget.TextView[@content-desc\u003d\"5 o\u0027clock\"]}\r\n\tat sun.reflect.NativeConstructorAccessorImpl.newInstance0(Native Method)\r\n\tat sun.reflect.NativeConstructorAccessorImpl.newInstance(NativeConstructorAccessorImpl.java:62)\r\n\tat sun.reflect.DelegatingConstructorAccessorImpl.newInstance(DelegatingConstructorAccessorImpl.java:45)\r\n\tat java.lang.reflect.Constructor.newInstance(Constructor.java:423)\r\n\tat org.openqa.selenium.remote.http.W3CHttpResponseCodec.createException(W3CHttpResponseCodec.java:187)\r\n\tat org.openqa.selenium.remote.http.W3CHttpResponseCodec.decode(W3CHttpResponseCodec.java:122)\r\n\tat org.openqa.selenium.remote.http.W3CHttpResponseCodec.decode(W3CHttpResponseCodec.java:49)\r\n\tat org.openqa.selenium.remote.HttpCommandExecutor.execute(HttpCommandExecutor.java:158)\r\n\tat io.appium.java_client.remote.AppiumCommandExecutor.execute(AppiumCommandExecutor.java:247)\r\n\tat org.openqa.selenium.remote.RemoteWebDriver.execute(RemoteWebDriver.java:552)\r\n\tat io.appium.java_client.DefaultGenericMobileDriver.execute(DefaultGenericMobileDriver.java:41)\r\n\tat io.appium.java_client.AppiumDriver.execute(AppiumDriver.java:1)\r\n\tat io.appium.java_client.android.AndroidDriver.execute(AndroidDriver.java:1)\r\n\tat org.openqa.selenium.remote.RemoteWebDriver.findElement(RemoteWebDriver.java:323)\r\n\tat io.appium.java_client.DefaultGenericMobileDriver.findElement(DefaultGenericMobileDriver.java:61)\r\n\tat io.appium.java_client.AppiumDriver.findElement(AppiumDriver.java:1)\r\n\tat io.appium.java_client.android.AndroidDriver.findElement(AndroidDriver.java:1)\r\n\tat org.openqa.selenium.remote.RemoteWebDriver.findElementByXPath(RemoteWebDriver.java:428)\r\n\tat io.appium.java_client.DefaultGenericMobileDriver.findElementByXPath(DefaultGenericMobileDriver.java:151)\r\n\tat io.appium.java_client.AppiumDriver.findElementByXPath(AppiumDriver.java:1)\r\n\tat io.appium.java_client.android.AndroidDriver.findElementByXPath(AndroidDriver.java:1)\r\n\tat org.openqa.selenium.By$ByXPath.findElement(By.java:353)\r\n\tat org.openqa.selenium.remote.RemoteWebDriver.findElement(RemoteWebDriver.java:315)\r\n\tat io.appium.java_client.DefaultGenericMobileDriver.findElement(DefaultGenericMobileDriver.java:57)\r\n\tat io.appium.java_client.AppiumDriver.findElement(AppiumDriver.java:1)\r\n\tat io.appium.java_client.android.AndroidDriver.findElement(AndroidDriver.java:1)\r\n\tat org.openqa.selenium.support.ui.ExpectedConditions$7.apply(ExpectedConditions.java:205)\r\n\tat org.openqa.selenium.support.ui.ExpectedConditions$7.apply(ExpectedConditions.java:201)\r\n\tat org.openqa.selenium.support.ui.FluentWait.until(FluentWait.java:249)\r\n\tat screens.BaseScreen.waitAndClick(BaseScreen.java:21)\r\n\tat screens.setAlarm.SelectFive(setAlarm.java:47)\r\n\tat cucumber.steps.JobsDetailsSteps.User_choose_5_when_select_time(JobsDetailsSteps.java:38)\r\n\tat sun.reflect.NativeMethodAccessorImpl.invoke0(Native Method)\r\n\tat sun.reflect.NativeMethodAccessorImpl.invoke(NativeMethodAccessorImpl.java:62)\r\n\tat sun.reflect.DelegatingMethodAccessorImpl.invoke(DelegatingMethodAccessorImpl.java:43)\r\n\tat java.lang.reflect.Method.invoke(Method.java:498)\r\n\tat io.cucumber.java.Invoker.doInvoke(Invoker.java:66)\r\n\tat io.cucumber.java.Invoker.invoke(Invoker.java:24)\r\n\tat io.cucumber.java.AbstractGlueDefinition.invokeMethod(AbstractGlueDefinition.java:47)\r\n\tat io.cucumber.java.JavaStepDefinition.execute(JavaStepDefinition.java:29)\r\n\tat io.cucumber.core.runner.CoreStepDefinition.execute(CoreStepDefinition.java:66)\r\n\tat io.cucumber.core.runner.PickleStepDefinitionMatch.runStep(PickleStepDefinitionMatch.java:63)\r\n\tat io.cucumber.core.runner.ExecutionMode$1.execute(ExecutionMode.java:10)\r\n\tat io.cucumber.core.runner.TestStep.executeStep(TestStep.java:92)\r\n\tat io.cucumber.core.runner.TestStep.run(TestStep.java:64)\r\n\tat io.cucumber.core.runner.PickleStepTestStep.run(PickleStepTestStep.java:51)\r\n\tat io.cucumber.core.runner.TestCase.run(TestCase.java:104)\r\n\tat io.cucumber.core.runner.Runner.runPickle(Runner.java:73)\r\n\tat io.cucumber.testng.TestNGCucumberRunner.lambda$runScenario$0(TestNGCucumberRunner.java:117)\r\n\tat io.cucumber.core.runtime.CucumberExecutionContext.runTestCase(CucumberExecutionContext.java:117)\r\n\tat io.cucumber.testng.TestNGCucumberRunner.runScenario(TestNGCucumberRunner.java:114)\r\n\tat cucumber.tests.TestRunner.scenario(TestRunner.java:31)\r\n\tat sun.reflect.NativeMethodAccessorImpl.invoke0(Native Method)\r\n\tat sun.reflect.NativeMethodAccessorImpl.invoke(NativeMethodAccessorImpl.java:62)\r\n\tat sun.reflect.DelegatingMethodAccessorImpl.invoke(DelegatingMethodAccessorImpl.java:43)\r\n\tat java.lang.reflect.Method.invoke(Method.java:498)\r\n\tat org.testng.internal.MethodInvocationHelper.invokeMethod(MethodInvocationHelper.java:133)\r\n\tat org.testng.internal.TestInvoker.invokeMethod(TestInvoker.java:598)\r\n\tat org.testng.internal.TestInvoker.invokeTestMethod(TestInvoker.java:173)\r\n\tat org.testng.internal.MethodRunner.runInSequence(MethodRunner.java:46)\r\n\tat org.testng.internal.TestInvoker$MethodInvocationAgent.invoke(TestInvoker.java:824)\r\n\tat org.testng.internal.TestInvoker.invokeTestMethods(TestInvoker.java:146)\r\n\tat org.testng.internal.TestMethodWorker.invokeTestMethods(TestMethodWorker.java:146)\r\n\tat org.testng.internal.TestMethodWorker.run(TestMethodWorker.java:128)\r\n\tat java.util.ArrayList.forEach(ArrayList.java:1259)\r\n\tat org.testng.TestRunner.privateRun(TestRunner.java:794)\r\n\tat org.testng.TestRunner.run(TestRunner.java:596)\r\n\tat org.testng.SuiteRunner.runTest(SuiteRunner.java:377)\r\n\tat org.testng.SuiteRunner.access$000(SuiteRunner.java:28)\r\n\tat org.testng.SuiteRunner$SuiteWorker.run(SuiteRunner.java:418)\r\n\tat org.testng.internal.thread.ThreadUtil.lambda$execute$0(ThreadUtil.java:64)\r\n\tat java.util.concurrent.FutureTask.run(FutureTask.java:266)\r\n\tat java.util.concurrent.ThreadPoolExecutor.runWorker(ThreadPoolExecutor.java:1149)\r\n\tat java.util.concurrent.ThreadPoolExecutor$Worker.run(ThreadPoolExecutor.java:624)\r\n\tat java.lang.Thread.run(Thread.java:748)\r\n",
              "duration": 10321000000,
              "status": "failed"
            },
            "line": 6,
            "name": "User choose 5 when select time",
            "match": {
              "location": "cucumber.steps.JobsDetailsSteps.User_choose_5_when_select_time()"
            },
            "keyword": "And "
          },
          {
            "result": {
              "duration": 1000000,
              "status": "skipped"
            },
            "line": 7,
            "name": "User choose 30 when select time",
            "match": {
              "location": "cucumber.steps.JobsDetailsSteps.User_choose_30_when_select_time()"
            },
            "keyword": "And "
          },
          {
            "result": {
              "status": "skipped"
            },
            "line": 8,
            "name": "User click OK",
            "match": {
              "location": "cucumber.steps.JobsDetailsSteps.User_click_OK()"
            },
            "keyword": "And "
          },
          {
            "result": {
              "duration": 3000000,
              "status": "skipped"
            },
            "line": 9,
            "name": "User click monday to friday",
            "match": {
              "location": "cucumber.steps.JobsDetailsSteps.User_click_monday_to_friday()"
            },
            "keyword": "And "
          },
          {
            "result": {
              "duration": 2000000,
              "status": "skipped"
            },
            "line": 10,
            "name": "The system displays an active button switch",
            "match": {
              "location": "cucumber.steps.JobsDetailsSteps.theSystemDisplaysAnActiveButtonSwitch()"
            },
            "keyword": "Then "
          }
        ]
      }
    ],
    "name": "Alarm",
    "description": "",
    "id": "alarm",
    "keyword": "Feature",
    "uri": "file:src/test/java/cucumber/features/Clock.feature",
    "tags": []
  }
]